[debug] [2022-05-22T13:01:36.250Z] ----------------------------------------------------------------------
[debug] [2022-05-22T13:01:36.257Z] Command:       C:\Program Files\nodejs\node.exe C:\Users\HP\AppData\Roaming\npm\node_modules\firebase-tools\lib\bin\firebase.js serve
[debug] [2022-05-22T13:01:36.260Z] CLI Version:   11.0.0
[debug] [2022-05-22T13:01:36.260Z] Platform:      win32
[debug] [2022-05-22T13:01:36.260Z] Node Version:  v16.14.2
[debug] [2022-05-22T13:01:36.263Z] Time:          Sun May 22 2022 20:01:36 GMT+0700 (Indochina Time)
[debug] [2022-05-22T13:01:36.264Z] ----------------------------------------------------------------------
[debug] 
[debug] [2022-05-22T13:01:36.531Z] > command requires scopes: ["email","openid","https://www.googleapis.com/auth/cloudplatformprojects.readonly","https://www.googleapis.com/auth/firebase","https://www.googleapis.com/auth/cloud-platform"]
[debug] [2022-05-22T13:01:36.532Z] > authorizing via signed-in user (itaaa.c2@gmail.com)
[debug] [2022-05-22T13:01:36.533Z] [iam] checking project fir-login-a039e for permissions ["firebase.projects.get"]
[debug] [2022-05-22T13:01:36.538Z] > refreshing access token with scopes: []
[debug] [2022-05-22T13:01:36.541Z] >>> HTTP REQUEST POST https://www.googleapis.com/oauth2/v3/token  
 <request body omitted>
[debug] [2022-05-22T13:01:36.879Z] <<< HTTP RESPONSE 200 {"cache-control":"no-cache, no-store, max-age=0, must-revalidate","expires":"Mon, 01 Jan 1990 00:00:00 GMT","pragma":"no-cache","date":"Sun, 22 May 2022 13:01:39 GMT","content-type":"application/json; charset=utf-8","vary":"X-Origin, Referer, Origin,Accept-Encoding","server":"scaffolding on HTTPServer2","x-xss-protection":"0","x-frame-options":"SAMEORIGIN","x-content-type-options":"nosniff","alt-svc":"h3=\":443\"; ma=2592000,h3-29=\":443\"; ma=2592000,h3-Q050=\":443\"; ma=2592000,h3-Q046=\":443\"; ma=2592000,h3-Q043=\":443\"; ma=2592000,quic=\":443\"; ma=2592000; v=\"46,43\"","accept-ranges":"none","transfer-encoding":"chunked"}
[debug] [2022-05-22T13:01:36.925Z] >>> [apiv2][query] POST https://cloudresourcemanager.googleapis.com/v1/projects/fir-login-a039e:testIamPermissions [none]
[debug] [2022-05-22T13:01:36.926Z] >>> [apiv2][body] POST https://cloudresourcemanager.googleapis.com/v1/projects/fir-login-a039e:testIamPermissions {"permissions":["firebase.projects.get"]}
[debug] [2022-05-22T13:01:38.082Z] <<< [apiv2][status] POST https://cloudresourcemanager.googleapis.com/v1/projects/fir-login-a039e:testIamPermissions 200
[debug] [2022-05-22T13:01:38.082Z] <<< [apiv2][body] POST https://cloudresourcemanager.googleapis.com/v1/projects/fir-login-a039e:testIamPermissions {"permissions":["firebase.projects.get"]}
[debug] [2022-05-22T13:01:38.085Z] >>> [apiv2][query] GET https://firebase.googleapis.com/v1beta1/projects/fir-login-a039e [none]
[debug] [2022-05-22T13:01:38.636Z] <<< [apiv2][status] GET https://firebase.googleapis.com/v1beta1/projects/fir-login-a039e 200
[debug] [2022-05-22T13:01:38.637Z] <<< [apiv2][body] GET https://firebase.googleapis.com/v1beta1/projects/fir-login-a039e {"projectId":"fir-login-a039e","projectNumber":"68817518455","displayName":"firebase-login","name":"projects/fir-login-a039e","resources":{"hostingSite":"fir-login-a039e","storageBucket":"fir-login-a039e.appspot.com","locationId":"us-central"},"state":"ACTIVE"}
[info] 
[info] === Serving from 'D:\TI-2022\PBF\PemrogramanFramework\Modul 11\firebase-login'...
[info] 
[debug] [2022-05-22T13:01:38.663Z] >>> [apiv2][query] GET https://firebasehosting.googleapis.com/v1beta1/projects/fir-login-a039e/sites 
[debug] [2022-05-22T13:01:40.272Z] <<< [apiv2][status] GET https://firebasehosting.googleapis.com/v1beta1/projects/fir-login-a039e/sites 200
[debug] [2022-05-22T13:01:40.273Z] <<< [apiv2][body] GET https://firebasehosting.googleapis.com/v1beta1/projects/fir-login-a039e/sites {"sites":[{"name":"projects/fir-login-a039e/sites/fir-login-a039e","defaultUrl":"https://fir-login-a039e.web.app","type":"DEFAULT_SITE"}]}
[debug] [2022-05-22T13:01:40.275Z] >>> [apiv2][query] GET https://firebase.googleapis.com/v1beta1/projects/fir-login-a039e/webApps/-/config [none]
[debug] [2022-05-22T13:01:41.084Z] <<< [apiv2][status] GET https://firebase.googleapis.com/v1beta1/projects/fir-login-a039e/webApps/-/config 200
[debug] [2022-05-22T13:01:41.085Z] <<< [apiv2][body] GET https://firebase.googleapis.com/v1beta1/projects/fir-login-a039e/webApps/-/config {"projectId":"fir-login-a039e","storageBucket":"fir-login-a039e.appspot.com","locationId":"us-central","apiKey":"AIzaSyBJqk8afEF_0yD06cRnEmTSUkU609ACG2M","authDomain":"fir-login-a039e.firebaseapp.com","messagingSenderId":"68817518455"}
[info] i  hosting: Serving hosting files from: public {"metadata":{"emulator":{"name":"hosting"},"message":"Serving hosting files from: \u001b[1mpublic\u001b[22m"}}
[info] +  hosting: Local server: http://localhost:5000 {"metadata":{"emulator":{"name":"hosting"},"message":"Local server: \u001b[4m\u001b[1mhttp://localhost:5000\u001b[22m\u001b[24m"}}
[info] i  hosting: 127.0.0.1 - - [22/May/2022:13:02:42 +0000] "GET / HTTP/1.1" 200 4596 "-" "Mozilla/5.0 (Windows NT 10.0; Win64; x64) AppleWebKit/537.36 (KHTML, like Gecko) Chrome/101.0.4951.67 Safari/537.36" {"metadata":{"emulator":{"name":"hosting"},"message":"127.0.0.1 - - [22/May/2022:13:02:42 +0000] \"GET / HTTP/1.1\" 200 4596 \"-\" \"Mozilla/5.0 (Windows NT 10.0; Win64; x64) AppleWebKit/537.36 (KHTML, like Gecko) Chrome/101.0.4951.67 Safari/537.36\""}}
